[1;36m========-[ Execution output ]-========[0;37m
Hello, libft!
[1;35m============-[ Valgrind ]-============[0;37m
==8540== Memcheck, a memory error detector
==8540== Copyright (C) 2002-2017, and GNU GPL'd, by Julian Seward et al.
==8540== Using Valgrind-3.19.0.GIT-lbmacos and LibVEX; rerun with -h for copyright info
==8540== Command: ./main.out -qs --leak-check=full
==8540== 
--8540-- run: /usr/bin/dsymutil "./main.out"
warning: no debug symbols in executable (-arch x86_64)
Hello, libft!==8540== 
==8540== HEAP SUMMARY:
==8540==     in use at exit: 13,814 bytes in 161 blocks
==8540==   total heap usage: 175 allocs, 14 frees, 18,558 bytes allocated
==8540== 
==8540== LEAK SUMMARY:
==8540==    definitely lost: 0 bytes in 0 blocks
==8540==    indirectly lost: 0 bytes in 0 blocks
==8540==      possibly lost: 0 bytes in 0 blocks
==8540==    still reachable: 0 bytes in 0 blocks
==8540==         suppressed: 13,814 bytes in 161 blocks
==8540== 
==8540== For lists of detected and suppressed errors, rerun with: -s
==8540== ERROR SUMMARY: 0 errors from 0 contexts (suppressed: 4 from 4)
[1;32m===========-[ Norm errors ]-==========[0;37m
./main.c: Error!
Error: INVALID_HEADER       (line:   1, col:   1):	Missing or invalid 42 header
Error: SPACE_BEFORE_FUNC    (line:   3, col:   4):	space before function name
Error: EXP_PARENTHESIS      (line:   3, col:   9):	Expected parenthesis
Error: NO_ARGS_VOID         (line:   3, col:  11):	Empty function argument requires void
Error: BRACE_NEWLINE        (line:   3, col:  13):	Expected newline before brace
Error: RETURN_PARENTHESIS   (line:   5, col:  12):	Return value must be in parenthesis
[1;32m======================================[0;37m
